<?xml version="1.0" encoding="UTF-8"?>
<!-- Generated by org.testng.reporters.JUnitReportReporter -->
<testsuite hostname="Harikrishna" failures="0" tests="1" name="TcRepo.TC_005Test" time="12.658" errors="0" timestamp="2024-11-13T10:30:49 IST" skipped="0">
  <testcase classname="TcRepo.TC_005Test" name="LE_05" time="12.658"/>
</testsuite> <!-- TcRepo.TC_005Test -->
