<?xml version="1.0" encoding="UTF-8"?>
<!-- Generated by org.testng.reporters.JUnitReportReporter -->
<testsuite hostname="Harikrishna" failures="0" tests="2" name="Sample.SoftAssertion" time="0.024" errors="0" timestamp="2024-10-28T10:43:02 IST" skipped="0">
  <testcase classname="Sample.SoftAssertion" name="CotainsAssertion" time="0.021"/>
  <testcase classname="Sample.SoftAssertion" name="strictSoft" time="0.003"/>
</testsuite> <!-- Sample.SoftAssertion -->
