<?xml version="1.0" encoding="UTF-8"?>
<!-- Generated by org.testng.reporters.JUnitReportReporter -->
<testsuite hostname="Harikrishna" failures="0" tests="1" name="TcRepo.TC_006" time="13.129" errors="0" timestamp="2024-11-10T15:38:27 IST" skipped="0">
  <testcase classname="TcRepo.TC_006" name="LE_06" time="13.129"/>
</testsuite> <!-- TcRepo.TC_006 -->
