<?xml version="1.0" encoding="UTF-8"?>
<!-- Generated by org.testng.reporters.JUnitReportReporter -->
<testsuite hostname="Harikrishna" failures="0" tests="1" name="TcRepo.TC_003" time="14.414" errors="0" timestamp="2024-11-11T12:04:45 IST" skipped="0">
  <testcase classname="TcRepo.TC_003" name="LE_03" time="14.414"/>
</testsuite> <!-- TcRepo.TC_003 -->
