<?xml version="1.0" encoding="UTF-8"?>
<!-- Generated by org.testng.reporters.JUnitReportReporter -->
<testsuite hostname="Harikrishna" failures="0" tests="1" name="TcRepo.TC_008" time="15.203" errors="0" timestamp="2024-11-10T15:52:23 IST" skipped="0">
  <testcase classname="TcRepo.TC_008" name="LE_08" time="15.203"/>
</testsuite> <!-- TcRepo.TC_008 -->
