<?xml version="1.0" encoding="UTF-8"?>
<!-- Generated by org.testng.reporters.JUnitReportReporter -->
<testsuite hostname="Harikrishna" failures="0" tests="1" name="TcRepo.TC_005" time="28.131" errors="0" timestamp="2024-11-07T09:30:23 IST" skipped="0">
  <testcase classname="TcRepo.TC_005" name="LE_05" time="28.131"/>
</testsuite> <!-- TcRepo.TC_005 -->
