<?xml version="1.0" encoding="UTF-8"?>
<!-- Generated by org.testng.reporters.JUnitReportReporter -->
<testsuite hostname="Harikrishna" failures="0" tests="1" name="TcRepo.TC_004" time="18.336" errors="0" timestamp="2024-11-10T15:44:33 IST" skipped="0">
  <testcase classname="TcRepo.TC_004" name="LE_04" time="18.336"/>
</testsuite> <!-- TcRepo.TC_004 -->
