<?xml version="1.0" encoding="UTF-8"?>
<!-- Generated by org.testng.reporters.JUnitReportReporter -->
<testsuite hostname="Harikrishna" failures="0" tests="2" name="Sample.StrictComparisionHardAssertion" time="0.017" errors="0" timestamp="2024-10-28T10:38:56 IST" skipped="0">
  <testcase classname="Sample.StrictComparisionHardAssertion" name="StrictAssertion" time="0.002"/>
  <testcase classname="Sample.StrictComparisionHardAssertion" name="CotainsAssertion" time="0.015"/>
</testsuite> <!-- Sample.StrictComparisionHardAssertion -->
