<?xml version="1.0" encoding="UTF-8"?>
<!-- Generated by org.testng.reporters.JUnitReportReporter -->
<testsuite hostname="Harikrishna" failures="0" tests="1" name="TcRepo.TC_006Test" time="12.610" errors="0" timestamp="2024-11-13T10:30:49 IST" skipped="0">
  <testcase classname="TcRepo.TC_006Test" name="LE_06" time="12.610"/>
</testsuite> <!-- TcRepo.TC_006Test -->
