<?xml version="1.0" encoding="UTF-8"?>
<!-- Generated by org.testng.reporters.JUnitReportReporter -->
<testsuite hostname="Harikrishna" failures="0" tests="7" name="Sample.TestNGpracties" time="0.022" errors="0" timestamp="2024-10-27T10:10:52 IST" skipped="1">
  <testcase classname="Sample.TestNGpracties" name="deleteUser" time="0.012"/>
  <testcase classname="Sample.TestNGpracties" name="createUser" time="0.002"/>
  <testcase classname="Sample.TestNGpracties" name="createUser" time="0.002"/>
  <testcase classname="Sample.TestNGpracties" name="createUser" time="0.002"/>
  <testcase classname="Sample.TestNGpracties" name="createUser" time="0.002"/>
  <testcase classname="Sample.TestNGpracties" name="createUser" time="0.002"/>
  <testcase classname="Sample.TestNGpracties" name="ModifyUser">
    <skipped/>
  </testcase> <!-- ModifyUser -->
</testsuite> <!-- Sample.TestNGpracties -->
