<?xml version="1.0" encoding="UTF-8"?>
<!-- Generated by org.testng.reporters.JUnitReportReporter -->
<testsuite hostname="Harikrishna" failures="0" tests="1" name="TcRepo.TC_009" time="16.480" errors="0" timestamp="2024-11-10T15:52:23 IST" skipped="0">
  <testcase classname="TcRepo.TC_009" name="LE_07" time="16.480"/>
</testsuite> <!-- TcRepo.TC_009 -->
