<?xml version="1.0" encoding="UTF-8"?>
<!-- Generated by org.testng.reporters.JUnitReportReporter -->
<testsuite hostname="Harikrishna" failures="0" tests="1" name="TcRepo.TC_002" time="14.734" errors="0" timestamp="2024-11-11T12:04:45 IST" skipped="0">
  <testcase classname="TcRepo.TC_002" name="LE_02" time="14.734"/>
</testsuite> <!-- TcRepo.TC_002 -->
