<?xml version="1.0" encoding="UTF-8"?>
<!-- Generated by org.testng.reporters.JUnitReportReporter -->
<testsuite hostname="Harikrishna" failures="0" tests="3" name="Sample.RtryAnalyserPracties" time="0.015" errors="0" timestamp="2024-11-09T10:42:35 IST" skipped="0">
  <testcase classname="Sample.RtryAnalyserPracties" name="sample" time="0.002"/>
  <testcase classname="Sample.RtryAnalyserPracties" name="sample" time="0.011"/>
  <testcase classname="Sample.RtryAnalyserPracties" name="sample" time="0.002"/>
</testsuite> <!-- Sample.RtryAnalyserPracties -->
