<?xml version="1.0" encoding="UTF-8"?>
<!-- Generated by org.testng.reporters.JUnitReportReporter -->
<testsuite hostname="Harikrishna" failures="0" tests="1" name="TcRepo.TC_004Test" time="15.215" errors="0" timestamp="2024-11-13T10:30:49 IST" skipped="0">
  <testcase classname="TcRepo.TC_004Test" name="LE_04" time="15.215"/>
</testsuite> <!-- TcRepo.TC_004Test -->
